# JRE version: OpenJDK Runtime Environment (11.0.2+9) (build 11.0.2+9)
# Java VM: OpenJDK 64-Bit Server VM (11.0.2+9, mixed mode, tiered, compressed oops, g1 gc, windows-amd64)
Heap:
 garbage-first heap   total 166912K, used 108028K [0x0000000740000000, 0x0000000800000000)
  region size 1024K, 18 young (18432K), 4 survivors (4096K)
 Metaspace       used 95621K, capacity 97308K, committed 100436K, reserved 1134592K
  class space    used 12835K, capacity 13579K, committed 14720K, reserved 1048576K
GC Heap History (10 events):
Event: 3604.783 GC heap before
{Heap before GC invocations=127 (full 12):
 garbage-first heap   total 166912K, used 144184K [0x0000000740000000, 0x0000000800000000)
  region size 1024K, 60 young (61440K), 0 survivors (0K)
 Metaspace       used 94809K, capacity 96522K, committed 99924K, reserved 1134592K
  class space    used 12786K, capacity 13529K, committed 14720K, reserved 1048576K
}
Event: 3604.786 GC heap after
{Heap after GC invocations=128 (full 12):
 garbage-first heap   total 166912K, used 85004K [0x0000000740000000, 0x0000000800000000)
  region size 1024K, 3 young (3072K), 3 survivors (3072K)
 Metaspace       used 94809K, capacity 96522K, committed 99924K, reserved 1134592K
  class space    used 12786K, capacity 13529K, committed 14720K, reserved 1048576K
}
Event: 3615.174 GC heap before
{Heap before GC invocations=129 (full 12):
 garbage-first heap   total 166912K, used 151564K [0x0000000740000000, 0x0000000800000000)
  region size 1024K, 60 young (61440K), 3 survivors (3072K)
 Metaspace       used 95131K, capacity 96842K, committed 100180K, reserved 1134592K
  class space    used 12828K, capacity 13575K, committed 14720K, reserved 1048576K
}
Event: 3615.177 GC heap after
{Heap after GC invocations=130 (full 12):
 garbage-first heap   total 166912K, used 93929K [0x0000000740000000, 0x0000000800000000)
  region size 1024K, 3 young (3072K), 3 survivors (3072K)
 Metaspace       used 95131K, capacity 96842K, committed 100180K, reserved 1134592K
  class space    used 12828K, capacity 13575K, committed 14720K, reserved 1048576K
}
Event: 3615.269 GC heap before
{Heap before GC invocations=130 (full 12):
 garbage-first heap   total 166912K, used 152297K [0x0000000740000000, 0x0000000800000000)
  region size 1024K, 60 young (61440K), 3 survivors (3072K)
 Metaspace       used 95147K, capacity 96851K, committed 100180K, reserved 1134592K
  class space    used 12829K, capacity 13577K, committed 14720K, reserved 1048576K
}
Event: 3615.271 GC heap after
{Heap after GC invocations=131 (full 12):
 garbage-first heap   total 166912K, used 93842K [0x0000000740000000, 0x0000000800000000)
  region size 1024K, 3 young (3072K), 3 survivors (3072K)
 Metaspace       used 95147K, capacity 96851K, committed 100180K, reserved 1134592K
  class space    used 12829K, capacity 13577K, committed 14720K, reserved 1048576K
}
Event: 3615.466 GC heap before
{Heap before GC invocations=132 (full 12):
 garbage-first heap   total 166912K, used 132754K [0x0000000740000000, 0x0000000800000000)
  region size 1024K, 50 young (51200K), 3 survivors (3072K)
 Metaspace       used 95524K, capacity 97244K, committed 100436K, reserved 1134592K
  class space    used 12835K, capacity 13579K, committed 14720K, reserved 1048576K
}
Event: 3615.469 GC heap after
{Heap after GC invocations=133 (full 12):
 garbage-first heap   total 166912K, used 85597K [0x0000000740000000, 0x0000000800000000)
  region size 1024K, 3 young (3072K), 3 survivors (3072K)
 Metaspace       used 95524K, capacity 97244K, committed 100436K, reserved 1134592K
  class space    used 12835K, capacity 13579K, committed 14720K, reserved 1048576K
}
Event: 3618.548 GC heap before
{Heap before GC invocations=134 (full 12):
 garbage-first heap   total 166912K, used 152157K [0x0000000740000000, 0x0000000800000000)
  region size 1024K, 60 young (61440K), 3 survivors (3072K)
 Metaspace       used 95606K, capacity 97308K, committed 100436K, reserved 1134592K
  class space    used 12835K, capacity 13579K, committed 14720K, reserved 1048576K
}
Event: 3618.551 GC heap after
{Heap after GC invocations=135 (full 12):
 garbage-first heap   total 166912K, used 94716K [0x0000000740000000, 0x0000000800000000)
  region size 1024K, 4 young (4096K), 4 survivors (4096K)
 Metaspace       used 95606K, capacity 97308K, committed 100436K, reserved 1134592K
  class space    used 12835K, capacity 13579K, committed 14720K, reserved 1048576K
}

